2025-08-16 00:12:46,487 [INFO] -----------------------Starting build-----------------------
2025-08-16 00:12:46,492 [INFO] Running configSets: _OnInstanceBoot
2025-08-16 00:12:46,494 [INFO] Running configSet _OnInstanceBoot
2025-08-16 00:12:46,496 [INFO] Running config AWSEBBaseConfig
2025-08-16 00:12:46,790 [INFO] Command clearbackupfiles succeeded
2025-08-16 00:12:46,794 [INFO] Running config AWSEBCfnHupEndpointOverride
2025-08-16 00:12:46,798 [INFO] Command clearbackupfiles succeeded
2025-08-16 00:12:46,799 [INFO] ConfigSets completed
2025-08-16 00:12:46,800 [INFO] -----------------------Build complete-----------------------
2025-08-16 00:12:50,678 [INFO] -----------------------Starting build-----------------------
2025-08-16 00:12:50,683 [INFO] Running configSets: Infra-EmbeddedPreBuild
2025-08-16 00:12:50,685 [INFO] Running configSet Infra-EmbeddedPreBuild
2025-08-16 00:12:50,685 [INFO] ConfigSets completed
2025-08-16 00:12:50,685 [INFO] -----------------------Build complete-----------------------
2025-08-16 00:13:11,171 [INFO] -----------------------Starting build-----------------------
2025-08-16 00:13:11,186 [INFO] Running configSets: Infra-EmbeddedPostBuild
2025-08-16 00:13:11,188 [INFO] Running configSet Infra-EmbeddedPostBuild
2025-08-16 00:13:11,188 [INFO] ConfigSets completed
2025-08-16 00:13:11,189 [INFO] -----------------------Build complete-----------------------
2025-08-16 00:17:42,630 [INFO] -----------------------Starting build-----------------------
2025-08-16 00:17:42,637 [INFO] Running configSets: Infra-EmbeddedPostBuild
2025-08-16 00:17:42,639 [INFO] Running configSet Infra-EmbeddedPostBuild
2025-08-16 00:17:42,640 [INFO] ConfigSets completed
2025-08-16 00:17:42,640 [INFO] -----------------------Build complete-----------------------
2025-08-16 01:24:55,334 [INFO] -----------------------Starting build-----------------------
2025-08-16 01:24:55,339 [INFO] Running configSets: Infra-EmbeddedPreBuild
2025-08-16 01:24:55,341 [INFO] Running configSet Infra-EmbeddedPreBuild
2025-08-16 01:24:55,341 [INFO] ConfigSets completed
2025-08-16 01:24:55,341 [INFO] -----------------------Build complete-----------------------
2025-08-16 01:25:10,078 [INFO] -----------------------Starting build-----------------------
2025-08-16 01:25:10,086 [INFO] Running configSets: Infra-EmbeddedPostBuild
2025-08-16 01:25:10,087 [INFO] Running configSet Infra-EmbeddedPostBuild
2025-08-16 01:25:10,088 [INFO] ConfigSets completed
2025-08-16 01:25:10,088 [INFO] -----------------------Build complete-----------------------
2025-08-16 01:46:36,121 [INFO] -----------------------Starting build-----------------------
2025-08-16 01:46:36,127 [INFO] Running configSets: Infra-EmbeddedPostBuild
2025-08-16 01:46:36,129 [INFO] Running configSet Infra-EmbeddedPostBuild
2025-08-16 01:46:36,130 [INFO] ConfigSets completed
2025-08-16 01:46:36,130 [INFO] -----------------------Build complete-----------------------
2025-08-16 01:54:42,125 [INFO] -----------------------Starting build-----------------------
2025-08-16 01:54:42,130 [INFO] Running configSets: Infra-EmbeddedPreBuild
2025-08-16 01:54:42,132 [INFO] Running configSet Infra-EmbeddedPreBuild
2025-08-16 01:54:42,132 [INFO] ConfigSets completed
2025-08-16 01:54:42,132 [INFO] -----------------------Build complete-----------------------
2025-08-16 01:54:56,582 [INFO] -----------------------Starting build-----------------------
2025-08-16 01:54:56,589 [INFO] Running configSets: Infra-EmbeddedPostBuild
2025-08-16 01:54:56,591 [INFO] Running configSet Infra-EmbeddedPostBuild
2025-08-16 01:54:56,591 [INFO] ConfigSets completed
2025-08-16 01:54:56,592 [INFO] -----------------------Build complete-----------------------
2025-08-16 02:00:17,349 [INFO] -----------------------Starting build-----------------------
2025-08-16 02:00:17,356 [INFO] Running configSets: Infra-EmbeddedPostBuild
2025-08-16 02:00:17,358 [INFO] Running configSet Infra-EmbeddedPostBuild
2025-08-16 02:00:17,359 [INFO] ConfigSets completed
2025-08-16 02:00:17,359 [INFO] -----------------------Build complete-----------------------
2025-08-16 02:01:34,483 [INFO] -----------------------Starting build-----------------------
2025-08-16 02:01:34,503 [INFO] Running configSets: Infra-EmbeddedPreBuild
2025-08-16 02:01:34,515 [INFO] Running configSet Infra-EmbeddedPreBuild
2025-08-16 02:01:34,515 [INFO] ConfigSets completed
2025-08-16 02:01:34,515 [INFO] -----------------------Build complete-----------------------
2025-08-16 02:01:48,885 [INFO] -----------------------Starting build-----------------------
2025-08-16 02:01:48,891 [INFO] Running configSets: Infra-EmbeddedPostBuild
2025-08-16 02:01:48,893 [INFO] Running configSet Infra-EmbeddedPostBuild
2025-08-16 02:01:48,893 [INFO] ConfigSets completed
2025-08-16 02:01:48,893 [INFO] -----------------------Build complete-----------------------
2025-08-16 02:09:25,633 [INFO] -----------------------Starting build-----------------------
2025-08-16 02:09:25,638 [INFO] Running configSets: Infra-EmbeddedPreBuild
2025-08-16 02:09:25,640 [INFO] Running configSet Infra-EmbeddedPreBuild
2025-08-16 02:09:25,640 [INFO] ConfigSets completed
2025-08-16 02:09:25,640 [INFO] -----------------------Build complete-----------------------
2025-08-16 02:09:41,161 [INFO] -----------------------Starting build-----------------------
2025-08-16 02:09:41,167 [INFO] Running configSets: Infra-EmbeddedPostBuild
2025-08-16 02:09:41,168 [INFO] Running configSet Infra-EmbeddedPostBuild
2025-08-16 02:09:41,169 [INFO] ConfigSets completed
2025-08-16 02:09:41,169 [INFO] -----------------------Build complete-----------------------
2025-08-16 02:19:36,127 [INFO] -----------------------Starting build-----------------------
2025-08-16 02:19:36,132 [INFO] Running configSets: Infra-EmbeddedPreBuild
2025-08-16 02:19:36,133 [INFO] Running configSet Infra-EmbeddedPreBuild
2025-08-16 02:19:36,134 [INFO] ConfigSets completed
2025-08-16 02:19:36,134 [INFO] -----------------------Build complete-----------------------
2025-08-16 02:19:50,844 [INFO] -----------------------Starting build-----------------------
2025-08-16 02:19:50,851 [INFO] Running configSets: Infra-EmbeddedPostBuild
2025-08-16 02:19:50,853 [INFO] Running configSet Infra-EmbeddedPostBuild
2025-08-16 02:19:50,854 [INFO] ConfigSets completed
2025-08-16 02:19:50,854 [INFO] -----------------------Build complete-----------------------
2025-08-16 02:22:42,168 [INFO] -----------------------Starting build-----------------------
2025-08-16 02:22:42,172 [INFO] Running configSets: Infra-EmbeddedPreBuild
2025-08-16 02:22:42,174 [INFO] Running configSet Infra-EmbeddedPreBuild
2025-08-16 02:22:42,174 [INFO] ConfigSets completed
2025-08-16 02:22:42,174 [INFO] -----------------------Build complete-----------------------
2025-08-16 02:22:56,357 [INFO] -----------------------Starting build-----------------------
2025-08-16 02:22:56,363 [INFO] Running configSets: Infra-EmbeddedPostBuild
2025-08-16 02:22:56,365 [INFO] Running configSet Infra-EmbeddedPostBuild
2025-08-16 02:22:56,366 [INFO] ConfigSets completed
2025-08-16 02:22:56,367 [INFO] -----------------------Build complete-----------------------
