2025-08-16 00:12:46,494 P1655 [INFO] ************************************************************
2025-08-16 00:12:46,494 P1655 [INFO] ConfigSet _OnInstanceBoot
2025-08-16 00:12:46,496 P1655 [INFO] ++++++++++++++++++++++++++++++++++++++++++++++++++++++++++++
2025-08-16 00:12:46,496 P1655 [INFO] Config AWSEBBaseConfig
2025-08-16 00:12:46,781 P1655 [INFO] ============================================================
2025-08-16 00:12:46,781 P1655 [INFO] Command clearbackupfiles
2025-08-16 00:12:46,790 P1655 [INFO] Completed successfully.
2025-08-16 00:12:46,794 P1655 [INFO] ++++++++++++++++++++++++++++++++++++++++++++++++++++++++++++
2025-08-16 00:12:46,794 P1655 [INFO] Config AWSEBCfnHupEndpointOverride
2025-08-16 00:12:46,794 P1655 [INFO] ============================================================
2025-08-16 00:12:46,794 P1655 [INFO] Command clearbackupfiles
2025-08-16 00:12:46,798 P1655 [INFO] Completed successfully.
2025-08-16 00:12:50,685 P1789 [INFO] ************************************************************
2025-08-16 00:12:50,685 P1789 [INFO] ConfigSet Infra-EmbeddedPreBuild
2025-08-16 00:13:11,188 P2015 [INFO] ************************************************************
2025-08-16 00:13:11,188 P2015 [INFO] ConfigSet Infra-EmbeddedPostBuild
2025-08-16 00:17:42,639 P2727 [INFO] ************************************************************
2025-08-16 00:17:42,639 P2727 [INFO] ConfigSet Infra-EmbeddedPostBuild
2025-08-16 01:24:55,341 P5536 [INFO] ************************************************************
2025-08-16 01:24:55,341 P5536 [INFO] ConfigSet Infra-EmbeddedPreBuild
2025-08-16 01:25:10,088 P5825 [INFO] ************************************************************
2025-08-16 01:25:10,088 P5825 [INFO] ConfigSet Infra-EmbeddedPostBuild
2025-08-16 01:46:36,129 P7190 [INFO] ************************************************************
2025-08-16 01:46:36,129 P7190 [INFO] ConfigSet Infra-EmbeddedPostBuild
2025-08-16 01:54:42,132 P7843 [INFO] ************************************************************
2025-08-16 01:54:42,132 P7843 [INFO] ConfigSet Infra-EmbeddedPreBuild
2025-08-16 01:54:56,591 P8128 [INFO] ************************************************************
2025-08-16 01:54:56,591 P8128 [INFO] ConfigSet Infra-EmbeddedPostBuild
2025-08-16 02:00:17,358 P8903 [INFO] ************************************************************
2025-08-16 02:00:17,359 P8903 [INFO] ConfigSet Infra-EmbeddedPostBuild
2025-08-16 02:01:34,515 P9323 [INFO] ************************************************************
2025-08-16 02:01:34,515 P9323 [INFO] ConfigSet Infra-EmbeddedPreBuild
2025-08-16 02:01:48,893 P9605 [INFO] ************************************************************
2025-08-16 02:01:48,893 P9605 [INFO] ConfigSet Infra-EmbeddedPostBuild
2025-08-16 02:09:25,640 P10191 [INFO] ************************************************************
2025-08-16 02:09:25,640 P10191 [INFO] ConfigSet Infra-EmbeddedPreBuild
2025-08-16 02:09:41,168 P10477 [INFO] ************************************************************
2025-08-16 02:09:41,169 P10477 [INFO] ConfigSet Infra-EmbeddedPostBuild
2025-08-16 02:19:36,134 P11141 [INFO] ************************************************************
2025-08-16 02:19:36,134 P11141 [INFO] ConfigSet Infra-EmbeddedPreBuild
2025-08-16 02:19:50,853 P11484 [INFO] ************************************************************
2025-08-16 02:19:50,854 P11484 [INFO] ConfigSet Infra-EmbeddedPostBuild
2025-08-16 02:22:42,174 P11907 [INFO] ************************************************************
2025-08-16 02:22:42,174 P11907 [INFO] ConfigSet Infra-EmbeddedPreBuild
2025-08-16 02:22:56,366 P12189 [INFO] ************************************************************
2025-08-16 02:22:56,366 P12189 [INFO] ConfigSet Infra-EmbeddedPostBuild
