[2025-08-16T00:12:45Z] Started EB User Data
+ SLEEP_TIME=2
+ SLEEP_TIME_MAX=3600
+ true
+ curl https://elasticbeanstalk-platform-assets-us-east-1.s3.amazonaws.com/stalks/eb_nodejs20_amazon_linux_2023_1.0.887.0_20250806044942/lib/UserDataScript.sh
  % Total    % Received % Xferd  Average Speed   Time    Time     Time  Current
                                 Dload  Upload   Total   Spent    Left  Speed
  0     0    0     0    0     0      0      0 --:--:-- --:--:-- --:--:--     0100  4838  100  4838    0     0   116k      0 --:--:-- --:--:-- --:--:--  118k
+ RESULT=0
+ [[ 0 -ne 0 ]]
+ /bin/bash /tmp/ebbootstrap.sh 'https://cloudformation-waitcondition-us-east-1.s3.amazonaws.com/arn%3Aaws%3Acloudformation%3Aus-east-1%3A519848832340%3Astack/awseb-e-aewwgj2dcx-stack/12a3e2c0-76d4-11f0-aa7d-0affdbff7db9/12a6a1e0-76d4-11f0-aa7d-0affdbff7db9/AWSEBInstanceLaunchWaitHandle?X-Amz-Algorithm=AWS4-HMAC-SHA256&X-Amz-Date=20250811T165609Z&X-Amz-SignedHeaders=host&X-Amz-Expires=86399&X-Amz-Credential=AKIA6L7Q4OWT3JRXU3BZ%2F20250811%2Fus-east-1%2Fs3%2Faws4_request&X-Amz-Signature=2985e853d9bc1c50dd83b677853def4a5a8089db9c6e243d493110706f6bb5b2' arn:aws:cloudformation:us-east-1:519848832340:stack/awseb-e-aewwgj2dcx-stack/12a3e2c0-76d4-11f0-aa7d-0affdbff7db9 0183a4ec-5ba7-48c7-9623-d25cd4e431c3 https://elasticbeanstalk-health.us-east-1.amazonaws.com '' https://elasticbeanstalk-platform-assets-us-east-1.s3.amazonaws.com/stalks/eb_nodejs20_amazon_linux_2023_1.0.887.0_20250806044942 us-east-1
[2025-08-16T00:12:45.891Z] Started EB Bootstrapping Script.
[2025-08-16T00:12:45.895Z] Received parameters:
 TARBALLS = 
 EB_GEMS = 
 SIGNAL_URL = https://cloudformation-waitcondition-us-east-1.s3.amazonaws.com/arn%3Aaws%3Acloudformation%3Aus-east-1%3A519848832340%3Astack/awseb-e-aewwgj2dcx-stack/12a3e2c0-76d4-11f0-aa7d-0affdbff7db9/12a6a1e0-76d4-11f0-aa7d-0affdbff7db9/AWSEBInstanceLaunchWaitHandle?X-Amz-Algorithm=AWS4-HMAC-SHA256&X-Amz-Date=20250811T165609Z&X-Amz-SignedHeaders=host&X-Amz-Expires=86399&X-Amz-Credential=AKIA6L7Q4OWT3JRXU3BZ%2F20250811%2Fus-east-1%2Fs3%2Faws4_request&X-Amz-Signature=2985e853d9bc1c50dd83b677853def4a5a8089db9c6e243d493110706f6bb5b2
 STACK_ID = arn:aws:cloudformation:us-east-1:519848832340:stack/awseb-e-aewwgj2dcx-stack/12a3e2c0-76d4-11f0-aa7d-0affdbff7db9
 REGION = us-east-1
 GUID = 
 HEALTHD_GROUP_ID = 0183a4ec-5ba7-48c7-9623-d25cd4e431c3
 HEALTHD_ENDPOINT = https://elasticbeanstalk-health.us-east-1.amazonaws.com
 PROXY_SERVER = 
 HEALTHD_PROXY_LOG_LOCATION = 
 PLATFORM_ASSETS_URL = https://elasticbeanstalk-platform-assets-us-east-1.s3.amazonaws.com/stalks/eb_nodejs20_amazon_linux_2023_1.0.887.0_20250806044942
[2025-08-16T00:12:45.899Z] engine url is set to https://elasticbeanstalk-platform-assets-us-east-1.s3.amazonaws.com/stalks/eb_nodejs20_amazon_linux_2023_1.0.887.0_20250806044942/lib/platform-engine.zip
[2025-08-16T00:12:45.901Z] first init of instance.
[2025-08-16T00:12:45.903Z] Started executing cfn_init _OnInstanceBoot.
[2025-08-16T00:12:45.905Z] Running cfn-init ConfigSet: _OnInstanceBoot.
[2025-08-16T00:12:45.908Z] Using stack-id from userdata
[2025-08-16T00:12:46.833Z] Command Returned: 
[2025-08-16T00:12:46.835Z] Completed executing cfn_init.
[2025-08-16T00:12:46.839Z] finished _OnInstanceBoot
[2025-08-16T00:12:46.842Z] installing platform engine
2025-08-16 00:12:47 URL:https://elasticbeanstalk-platform-assets-us-east-1.s3.amazonaws.com/stalks/eb_nodejs20_amazon_linux_2023_1.0.887.0_20250806044942/lib/platform-engine.zip [33662214/33662214] -> "/tmp/platform-engine.zip" [1]
[2025-08-16T00:12:48.017Z] executing platform engine. see /var/log/eb-engine.log.
[2025-08-16T00:13:12.789Z] Successfully bootstrapped instance.
[2025-08-16T00:13:12.793Z] Sending signal 0 to CFN wait condition https://cloudformation-waitcondition-us-east-1.s3.amazonaws.com/arn%3Aaws%3Acloudformation%3Aus-east-1%3A519848832340%3Astack/awseb-e-aewwgj2dcx-stack/12a3e2c0-76d4-11f0-aa7d-0affdbff7db9/12a6a1e0-76d4-11f0-aa7d-0affdbff7db9/AWSEBInstanceLaunchWaitHandle?X-Amz-Algorithm=AWS4-HMAC-SHA256&X-Amz-Date=20250811T165609Z&X-Amz-SignedHeaders=host&X-Amz-Expires=86399&X-Amz-Credential=AKIA6L7Q4OWT3JRXU3BZ%2F20250811%2Fus-east-1%2Fs3%2Faws4_request&X-Amz-Signature=2985e853d9bc1c50dd83b677853def4a5a8089db9c6e243d493110706f6bb5b2
Error signaling CloudFormation: [Errno 403] HTTP Error 403 : <?xml version="1.0" encoding="UTF-8"?>
<Error><Code>AccessDenied</Code><Message>Request has expired</Message><X-Amz-Expires>86399</X-Amz-Expires><Expires>2025-08-12T16:56:08Z</Expires><ServerTime>2025-08-16T00:13:13Z</ServerTime><RequestId>Y8X09MSSYX5SYTCH</RequestId><HostId>AKqTkoN7GprarDdP5iZas5PNWMW+f2RldFUIsR+7vT4AZeB2/6gHv6wsjMFz8X5asAYX0qW62iM=</HostId></Error>
[2025-08-16T00:13:13.064Z] Wait Condition Signal expired.
[2025-08-16T00:13:13.067Z] Tailing /var/log/eb-engine.log

******************* eb-engine taillog *******************

2025/08/16 00:13:11.274617 [INFO] Running command: systemctl show -p PartOf web.service
2025/08/16 00:13:11.291435 [INFO] Running command: systemctl daemon-reload
2025/08/16 00:13:11.543442 [INFO] Running command: systemctl reset-failed
2025/08/16 00:13:11.552215 [INFO] Running command: systemctl is-enabled eb-app.target
2025/08/16 00:13:11.559805 [INFO] Copying file /opt/elasticbeanstalk/config/private/aws-eb.target to /etc/systemd/system/eb-app.target
2025/08/16 00:13:11.561110 [INFO] Running command: systemctl enable eb-app.target
2025/08/16 00:13:11.824363 [INFO] Created symlink /etc/systemd/system/multi-user.target.wants/eb-app.target → /etc/systemd/system/eb-app.target.

2025/08/16 00:13:11.824398 [INFO] Running command: systemctl start eb-app.target
2025/08/16 00:13:11.833788 [INFO] Running command: systemctl enable web.service
2025/08/16 00:13:12.096763 [INFO] Created symlink /etc/systemd/system/multi-user.target.wants/web.service → /etc/systemd/system/web.service.

2025/08/16 00:13:12.096798 [INFO] Running command: systemctl show -p PartOf web.service
2025/08/16 00:13:12.108460 [INFO] Running command: systemctl is-active web.service
2025/08/16 00:13:12.115985 [INFO] Running command: systemctl start web.service
2025/08/16 00:13:12.155531 [INFO] Executing instruction: start X-Ray
2025/08/16 00:13:12.155554 [INFO] X-Ray is not enabled.
2025/08/16 00:13:12.155560 [INFO] Executing instruction: start proxy with new configuration
2025/08/16 00:13:12.155583 [INFO] Running command: /usr/sbin/nginx -t -c /var/proxy/staging/nginx/nginx.conf
2025/08/16 00:13:12.227286 [INFO] nginx: [warn] could not build optimal types_hash, you should increase either types_hash_max_size: 1024 or types_hash_bucket_size: 64; ignoring types_hash_bucket_size
nginx: the configuration file /var/proxy/staging/nginx/nginx.conf syntax is ok
nginx: configuration file /var/proxy/staging/nginx/nginx.conf test is successful

2025/08/16 00:13:12.227372 [INFO] Running command: cp -rp /var/proxy/staging/nginx/* /etc/nginx
2025/08/16 00:13:12.234021 [INFO] Running command: systemctl show -p PartOf nginx.service
2025/08/16 00:13:12.257824 [INFO] Running command: systemctl daemon-reload
2025/08/16 00:13:12.567676 [INFO] Running command: systemctl reset-failed
2025/08/16 00:13:12.576787 [INFO] Running command: systemctl show -p PartOf nginx.service
2025/08/16 00:13:12.592202 [INFO] Running command: systemctl is-active nginx.service
2025/08/16 00:13:12.604628 [INFO] Running command: systemctl start nginx.service
2025/08/16 00:13:12.755954 [INFO] Executing instruction: configureSqsd
2025/08/16 00:13:12.755975 [INFO] This is a web server environment instance, skip configure sqsd daemon ...
2025/08/16 00:13:12.755979 [INFO] Executing instruction: startSqsd
2025/08/16 00:13:12.755982 [INFO] This is a web server environment instance, skip start sqsd daemon ...
2025/08/16 00:13:12.755986 [INFO] Executing instruction: Track pids in healthd
2025/08/16 00:13:12.755989 [INFO] This is an enhanced health env...
2025/08/16 00:13:12.756002 [INFO] Running command: systemctl show -p ConsistsOf aws-eb.target | cut -d= -f2
2025/08/16 00:13:12.770878 [INFO] cfn-hup.service nginx.service healthd.service

2025/08/16 00:13:12.770912 [INFO] Running command: systemctl show -p ConsistsOf eb-app.target | cut -d= -f2
2025/08/16 00:13:12.784853 [INFO] web.service

2025/08/16 00:13:12.785180 [INFO] Executing instruction: RunAppDeployPostDeployHooks
2025/08/16 00:13:12.785226 [INFO] Executing platform hooks in .platform/hooks/postdeploy/
2025/08/16 00:13:12.785244 [INFO] The dir .platform/hooks/postdeploy/ does not exist
2025/08/16 00:13:12.785248 [INFO] Finished running scripts in /var/app/current/.platform/hooks/postdeploy
2025/08/16 00:13:12.785254 [INFO] Executing cleanup logic
2025/08/16 00:13:12.785408 [INFO] Platform Engine finished execution on command: self-startup
******************* End of taillog *******************


[2025-08-16T00:13:13.155Z] Tailing /var/log/eb-tools.log

******************* eb-tools taillog *******************
***eb-tools is not available yet.***
******************* End of taillog *******************


[2025-08-16T00:13:13.158Z] Tailing /var/log/eb-hooks.log

******************* eb-hooks taillog *******************

******************* End of taillog *******************


[2025-08-16T00:13:13.164Z] Tailing /var/log/cfn-init.log

******************* cfn-init taillog *******************
2025-08-16 00:12:46,487 [INFO] -----------------------Starting build-----------------------
2025-08-16 00:12:46,492 [INFO] Running configSets: _OnInstanceBoot
2025-08-16 00:12:46,494 [INFO] Running configSet _OnInstanceBoot
2025-08-16 00:12:46,496 [INFO] Running config AWSEBBaseConfig
2025-08-16 00:12:46,790 [INFO] Command clearbackupfiles succeeded
2025-08-16 00:12:46,794 [INFO] Running config AWSEBCfnHupEndpointOverride
2025-08-16 00:12:46,798 [INFO] Command clearbackupfiles succeeded
2025-08-16 00:12:46,799 [INFO] ConfigSets completed
2025-08-16 00:12:46,800 [INFO] -----------------------Build complete-----------------------
2025-08-16 00:12:50,678 [INFO] -----------------------Starting build-----------------------
2025-08-16 00:12:50,683 [INFO] Running configSets: Infra-EmbeddedPreBuild
2025-08-16 00:12:50,685 [INFO] Running configSet Infra-EmbeddedPreBuild
2025-08-16 00:12:50,685 [INFO] ConfigSets completed
2025-08-16 00:12:50,685 [INFO] -----------------------Build complete-----------------------
2025-08-16 00:13:11,171 [INFO] -----------------------Starting build-----------------------
2025-08-16 00:13:11,186 [INFO] Running configSets: Infra-EmbeddedPostBuild
2025-08-16 00:13:11,188 [INFO] Running configSet Infra-EmbeddedPostBuild
2025-08-16 00:13:11,188 [INFO] ConfigSets completed
2025-08-16 00:13:11,189 [INFO] -----------------------Build complete-----------------------
******************* End of taillog *******************


[2025-08-16T00:13:13.174Z] Tailing /var/log/cfn-hup.log

******************* cfn-hup taillog *******************
2025-08-16 00:12:50,590 [DEBUG] CloudFormation client initialized with endpoint https://cloudformation.us-east-1.amazonaws.com
2025-08-16 00:12:50,590 [DEBUG] SQS client initialized with endpoint https://sqs.us-east-1.amazonaws.com
2025-08-16 00:12:50,590 [DEBUG] CloudFormation client initialized with endpoint https://cloudformation.us-east-1.amazonaws.com
2025-08-16 00:12:50,590 [DEBUG] Enabled single threading mode.
2025-08-16 00:12:50,590 [DEBUG] Creating /var/lib/cfn-hup/data
2025-08-16 00:12:50,630 [INFO] No umask value specified in config file. Using the default one: 0o22
2025-08-16 00:12:50,684 [INFO] Pid: 1785
2025-08-16 00:12:51,055 [INFO] Refreshing listener credentials
2025-08-16 00:12:51,149 [INFO] Scheduling next credential refresh in 1800.0 seconds
******************* End of taillog *******************


[2025-08-16T00:13:13.181Z] Completed EB Bootstrapping Script.
+ RESULT=0
+ [[ 0 -ne 0 ]]
+ exit 0
