2025-08-15 10:51:46,009 P1624 [INFO] ************************************************************
2025-08-15 10:51:46,009 P1624 [INFO] ConfigSet _OnInstanceBoot
2025-08-15 10:51:46,011 P1624 [INFO] ++++++++++++++++++++++++++++++++++++++++++++++++++++++++++++
2025-08-15 10:51:46,011 P1624 [INFO] Config AWSEBBaseConfig
2025-08-15 10:51:46,241 P1624 [INFO] ============================================================
2025-08-15 10:51:46,241 P1624 [INFO] Command clearbackupfiles
2025-08-15 10:51:46,251 P1624 [INFO] Completed successfully.
2025-08-15 10:51:46,255 P1624 [INFO] ++++++++++++++++++++++++++++++++++++++++++++++++++++++++++++
2025-08-15 10:51:46,255 P1624 [INFO] Config AWSEBCfnHupEndpointOverride
2025-08-15 10:51:46,255 P1624 [INFO] ============================================================
2025-08-15 10:51:46,255 P1624 [INFO] Command clearbackupfiles
2025-08-15 10:51:46,259 P1624 [INFO] Completed successfully.
2025-08-15 10:51:50,264 P1759 [INFO] ************************************************************
2025-08-15 10:51:50,265 P1759 [INFO] ConfigSet Infra-EmbeddedPreBuild
2025-08-15 10:52:14,468 P1999 [INFO] ************************************************************
2025-08-15 10:52:14,469 P1999 [INFO] ConfigSet Infra-EmbeddedPostBuild
2025-08-15 12:56:05,147 P6842 [INFO] ************************************************************
2025-08-15 12:56:05,147 P6842 [INFO] ConfigSet Infra-EmbeddedPreBuild
2025-08-15 12:56:21,501 P7186 [INFO] ************************************************************
2025-08-15 12:56:21,501 P7186 [INFO] ConfigSet Infra-EmbeddedPostBuild
2025-08-15 13:07:49,895 P8056 [INFO] ************************************************************
2025-08-15 13:07:49,895 P8056 [INFO] ConfigSet Infra-EmbeddedPreBuild
2025-08-15 13:08:06,534 P8401 [INFO] ************************************************************
2025-08-15 13:08:06,535 P8401 [INFO] ConfigSet Infra-EmbeddedPostBuild
2025-08-15 15:03:13,751 P12969 [INFO] ************************************************************
2025-08-15 15:03:13,751 P12969 [INFO] ConfigSet Infra-EmbeddedPreBuild
2025-08-15 15:03:30,048 P13313 [INFO] ************************************************************
2025-08-15 15:03:30,049 P13313 [INFO] ConfigSet Infra-EmbeddedPostBuild
2025-08-15 15:06:35,778 P13733 [INFO] ************************************************************
2025-08-15 15:06:35,778 P13733 [INFO] ConfigSet Infra-EmbeddedPreBuild
2025-08-15 15:06:51,066 P14014 [INFO] ************************************************************
2025-08-15 15:06:51,067 P14014 [INFO] ConfigSet Infra-EmbeddedPostBuild
2025-08-15 15:30:33,997 P15164 [INFO] ************************************************************
2025-08-15 15:30:33,997 P15164 [INFO] ConfigSet Infra-EmbeddedPreBuild
2025-08-15 15:30:50,293 P15452 [INFO] ************************************************************
2025-08-15 15:30:50,294 P15452 [INFO] ConfigSet Infra-EmbeddedPostBuild
2025-08-15 15:54:15,363 P16534 [INFO] ************************************************************
2025-08-15 15:54:15,363 P16534 [INFO] ConfigSet Infra-EmbeddedPreBuild
2025-08-15 15:54:32,090 P16879 [INFO] ************************************************************
2025-08-15 15:54:32,091 P16879 [INFO] ConfigSet Infra-EmbeddedPostBuild
2025-08-15 16:04:56,122 P17924 [INFO] ************************************************************
2025-08-15 16:04:56,123 P17924 [INFO] ConfigSet Infra-EmbeddedPostBuild
2025-08-15 16:34:22,568 P19563 [INFO] ************************************************************
2025-08-15 16:34:22,568 P19563 [INFO] ConfigSet Infra-EmbeddedPostBuild
2025-08-15 16:44:05,037 P20204 [INFO] ************************************************************
2025-08-15 16:44:05,037 P20204 [INFO] ConfigSet Infra-EmbeddedPreBuild
2025-08-15 16:44:22,059 P20547 [INFO] ************************************************************
2025-08-15 16:44:22,060 P20547 [INFO] ConfigSet Infra-EmbeddedPostBuild
2025-08-15 16:49:47,679 P21041 [INFO] ************************************************************
2025-08-15 16:49:47,679 P21041 [INFO] ConfigSet Infra-EmbeddedPreBuild
2025-08-15 16:50:05,552 P21337 [INFO] ************************************************************
2025-08-15 16:50:05,553 P21337 [INFO] ConfigSet Infra-EmbeddedPostBuild
2025-08-15 17:00:54,490 P22047 [INFO] ************************************************************
2025-08-15 17:00:54,490 P22047 [INFO] ConfigSet Infra-EmbeddedPreBuild
2025-08-15 17:01:12,067 P22399 [INFO] ************************************************************
2025-08-15 17:01:12,068 P22399 [INFO] ConfigSet Infra-EmbeddedPostBuild
2025-08-15 17:08:39,905 P22965 [INFO] ************************************************************
2025-08-15 17:08:39,905 P22965 [INFO] ConfigSet Infra-EmbeddedPreBuild
2025-08-15 17:08:55,746 P23253 [INFO] ************************************************************
2025-08-15 17:08:55,747 P23253 [INFO] ConfigSet Infra-EmbeddedPostBuild
2025-08-15 18:48:33,646 P27182 [INFO] ************************************************************
2025-08-15 18:48:33,647 P27182 [INFO] ConfigSet Infra-EmbeddedPreBuild
2025-08-15 18:48:49,823 P27471 [INFO] ************************************************************
2025-08-15 18:48:49,824 P27471 [INFO] ConfigSet Infra-EmbeddedPostBuild
2025-08-15 19:53:26,625 P30124 [INFO] ************************************************************
2025-08-15 19:53:26,625 P30124 [INFO] ConfigSet Infra-EmbeddedPreBuild
2025-08-15 19:53:42,563 P30468 [INFO] ************************************************************
2025-08-15 19:53:42,564 P30468 [INFO] ConfigSet Infra-EmbeddedPostBuild
2025-08-15 19:58:04,178 P30898 [INFO] ************************************************************
2025-08-15 19:58:04,178 P30898 [INFO] ConfigSet Infra-EmbeddedPreBuild
2025-08-15 19:58:19,754 P31234 [INFO] ************************************************************
2025-08-15 19:58:19,754 P31234 [INFO] ConfigSet Infra-EmbeddedPostBuild
2025-08-15 20:08:52,800 P32017 [INFO] ************************************************************
2025-08-15 20:08:52,800 P32017 [INFO] ConfigSet Infra-EmbeddedPreBuild
2025-08-15 20:09:09,803 P32361 [INFO] ************************************************************
2025-08-15 20:09:09,803 P32361 [INFO] ConfigSet Infra-EmbeddedPostBuild
2025-08-15 20:16:20,085 P32882 [INFO] ************************************************************
2025-08-15 20:16:20,085 P32882 [INFO] ConfigSet Infra-EmbeddedPreBuild
2025-08-15 20:16:36,127 P33225 [INFO] ************************************************************
2025-08-15 20:16:36,127 P33225 [INFO] ConfigSet Infra-EmbeddedPostBuild
2025-08-15 20:21:52,045 P33722 [INFO] ************************************************************
2025-08-15 20:21:52,046 P33722 [INFO] ConfigSet Infra-EmbeddedPreBuild
2025-08-15 20:22:09,813 P34070 [INFO] ************************************************************
2025-08-15 20:22:09,813 P34070 [INFO] ConfigSet Infra-EmbeddedPostBuild
2025-08-15 20:30:43,961 P34649 [INFO] ************************************************************
2025-08-15 20:30:43,961 P34649 [INFO] ConfigSet Infra-EmbeddedPreBuild
2025-08-15 20:30:59,558 P34994 [INFO] ************************************************************
2025-08-15 20:30:59,558 P34994 [INFO] ConfigSet Infra-EmbeddedPostBuild
2025-08-15 20:40:04,983 P35572 [INFO] ************************************************************
2025-08-15 20:40:04,983 P35572 [INFO] ConfigSet Infra-EmbeddedPreBuild
2025-08-15 20:40:22,520 P35919 [INFO] ************************************************************
2025-08-15 20:40:22,520 P35919 [INFO] ConfigSet Infra-EmbeddedPostBuild
2025-08-15 20:42:53,696 P36284 [INFO] ************************************************************
2025-08-15 20:42:53,697 P36284 [INFO] ConfigSet Infra-EmbeddedPreBuild
2025-08-15 20:43:09,831 P36620 [INFO] ************************************************************
2025-08-15 20:43:09,831 P36620 [INFO] ConfigSet Infra-EmbeddedPostBuild
2025-08-15 20:49:39,825 P37126 [INFO] ************************************************************
2025-08-15 20:49:39,825 P37126 [INFO] ConfigSet Infra-EmbeddedPreBuild
2025-08-15 20:49:55,064 P37470 [INFO] ************************************************************
2025-08-15 20:49:55,065 P37470 [INFO] ConfigSet Infra-EmbeddedPostBuild
2025-08-15 20:53:24,741 P37907 [INFO] ************************************************************
2025-08-15 20:53:24,741 P37907 [INFO] ConfigSet Infra-EmbeddedPreBuild
2025-08-15 20:53:40,088 P38186 [INFO] ************************************************************
2025-08-15 20:53:40,089 P38186 [INFO] ConfigSet Infra-EmbeddedPostBuild
2025-08-15 21:11:51,281 P39209 [INFO] ************************************************************
2025-08-15 21:11:51,281 P39209 [INFO] ConfigSet Infra-EmbeddedPreBuild
2025-08-15 21:12:08,470 P39550 [INFO] ************************************************************
2025-08-15 21:12:08,471 P39550 [INFO] ConfigSet Infra-EmbeddedPostBuild
2025-08-15 21:19:40,680 P40127 [INFO] ************************************************************
2025-08-15 21:19:40,680 P40127 [INFO] ConfigSet Infra-EmbeddedPreBuild
2025-08-15 21:19:56,123 P40414 [INFO] ************************************************************
2025-08-15 21:19:56,123 P40414 [INFO] ConfigSet Infra-EmbeddedPostBuild
2025-08-15 21:24:54,752 P40851 [INFO] ************************************************************
2025-08-15 21:24:54,752 P40851 [INFO] ConfigSet Infra-EmbeddedPreBuild
2025-08-15 21:25:11,817 P41198 [INFO] ************************************************************
2025-08-15 21:25:11,818 P41198 [INFO] ConfigSet Infra-EmbeddedPostBuild
2025-08-15 21:32:33,658 P41768 [INFO] ************************************************************
2025-08-15 21:32:33,658 P41768 [INFO] ConfigSet Infra-EmbeddedPreBuild
2025-08-15 21:32:49,079 P42055 [INFO] ************************************************************
2025-08-15 21:32:49,080 P42055 [INFO] ConfigSet Infra-EmbeddedPostBuild
2025-08-15 21:42:32,133 P42697 [INFO] ************************************************************
2025-08-15 21:42:32,133 P42697 [INFO] ConfigSet Infra-EmbeddedPreBuild
2025-08-15 21:42:47,622 P42984 [INFO] ************************************************************
2025-08-15 21:42:47,622 P42984 [INFO] ConfigSet Infra-EmbeddedPostBuild
2025-08-15 21:54:47,990 P43705 [INFO] ************************************************************
2025-08-15 21:54:47,990 P43705 [INFO] ConfigSet Infra-EmbeddedPreBuild
2025-08-15 21:55:05,609 P43991 [INFO] ************************************************************
2025-08-15 21:55:05,610 P43991 [INFO] ConfigSet Infra-EmbeddedPostBuild
2025-08-15 21:58:29,319 P44415 [INFO] ************************************************************
2025-08-15 21:58:29,320 P44415 [INFO] ConfigSet Infra-EmbeddedPreBuild
2025-08-15 21:58:44,593 P44698 [INFO] ************************************************************
2025-08-15 21:58:44,593 P44698 [INFO] ConfigSet Infra-EmbeddedPostBuild
2025-08-15 22:14:55,643 P45721 [INFO] ************************************************************
2025-08-15 22:14:55,643 P45721 [INFO] ConfigSet Infra-EmbeddedPreBuild
2025-08-15 22:15:14,334 P46009 [INFO] ************************************************************
2025-08-15 22:15:14,334 P46009 [INFO] ConfigSet Infra-EmbeddedPostBuild
2025-08-15 22:21:21,515 P46584 [INFO] ************************************************************
2025-08-15 22:21:21,515 P46584 [INFO] ConfigSet Infra-EmbeddedPreBuild
2025-08-15 22:21:36,834 P46874 [INFO] ************************************************************
2025-08-15 22:21:36,835 P46874 [INFO] ConfigSet Infra-EmbeddedPostBuild
2025-08-15 22:29:51,044 P47445 [INFO] ************************************************************
2025-08-15 22:29:51,044 P47445 [INFO] ConfigSet Infra-EmbeddedPreBuild
2025-08-15 22:30:09,137 P47796 [INFO] ************************************************************
2025-08-15 22:30:09,138 P47796 [INFO] ConfigSet Infra-EmbeddedPostBuild
2025-08-15 22:35:59,594 P48298 [INFO] ************************************************************
2025-08-15 22:35:59,594 P48298 [INFO] ConfigSet Infra-EmbeddedPreBuild
2025-08-15 22:36:16,833 P48643 [INFO] ************************************************************
2025-08-15 22:36:16,834 P48643 [INFO] ConfigSet Infra-EmbeddedPostBuild
2025-08-15 22:42:24,787 P49200 [INFO] ************************************************************
2025-08-15 22:42:24,787 P49200 [INFO] ConfigSet Infra-EmbeddedPreBuild
2025-08-15 22:42:40,590 P49489 [INFO] ************************************************************
2025-08-15 22:42:40,591 P49489 [INFO] ConfigSet Infra-EmbeddedPostBuild
2025-08-15 23:09:15,985 P50829 [INFO] ************************************************************
2025-08-15 23:09:15,985 P50829 [INFO] ConfigSet Infra-EmbeddedPreBuild
2025-08-15 23:09:32,205 P51176 [INFO] ************************************************************
2025-08-15 23:09:32,206 P51176 [INFO] ConfigSet Infra-EmbeddedPostBuild
2025-08-15 23:18:20,195 P51760 [INFO] ************************************************************
2025-08-15 23:18:20,195 P51760 [INFO] ConfigSet Infra-EmbeddedPreBuild
2025-08-15 23:18:35,552 P52102 [INFO] ************************************************************
2025-08-15 23:18:35,552 P52102 [INFO] ConfigSet Infra-EmbeddedPostBuild
2025-08-15 23:21:06,383 P52522 [INFO] ************************************************************
2025-08-15 23:21:06,383 P52522 [INFO] ConfigSet Infra-EmbeddedPreBuild
2025-08-15 23:21:22,093 P52802 [INFO] ************************************************************
2025-08-15 23:21:22,094 P52802 [INFO] ConfigSet Infra-EmbeddedPostBuild
