[2025-08-15T10:51:45Z] Started EB User Data
+ SLEEP_TIME=2
+ SLEEP_TIME_MAX=3600
+ true
+ curl https://elasticbeanstalk-platform-assets-us-east-1.s3.amazonaws.com/stalks/eb_nodejs20_amazon_linux_2023_1.0.887.0_20250806044942/lib/UserDataScript.sh
  % Total    % Received % Xferd  Average Speed   Time    Time     Time  Current
                                 Dload  Upload   Total   Spent    Left  Speed
  0     0    0     0    0     0      0      0 --:--:-- --:--:-- --:--:--     0100  4838  100  4838    0     0   114k      0 --:--:-- --:--:-- --:--:--  118k
+ RESULT=0
+ [[ 0 -ne 0 ]]
+ /bin/bash /tmp/ebbootstrap.sh 'https://cloudformation-waitcondition-us-east-1.s3.amazonaws.com/arn%3Aaws%3Acloudformation%3Aus-east-1%3A519848832340%3Astack/awseb-e-aewwgj2dcx-stack/12a3e2c0-76d4-11f0-aa7d-0affdbff7db9/12a6a1e0-76d4-11f0-aa7d-0affdbff7db9/AWSEBInstanceLaunchWaitHandle?X-Amz-Algorithm=AWS4-HMAC-SHA256&X-Amz-Date=20250811T165609Z&X-Amz-SignedHeaders=host&X-Amz-Expires=86399&X-Amz-Credential=AKIA6L7Q4OWT3JRXU3BZ%2F20250811%2Fus-east-1%2Fs3%2Faws4_request&X-Amz-Signature=2985e853d9bc1c50dd83b677853def4a5a8089db9c6e243d493110706f6bb5b2' arn:aws:cloudformation:us-east-1:519848832340:stack/awseb-e-aewwgj2dcx-stack/12a3e2c0-76d4-11f0-aa7d-0affdbff7db9 0183a4ec-5ba7-48c7-9623-d25cd4e431c3 https://elasticbeanstalk-health.us-east-1.amazonaws.com '' https://elasticbeanstalk-platform-assets-us-east-1.s3.amazonaws.com/stalks/eb_nodejs20_amazon_linux_2023_1.0.887.0_20250806044942 us-east-1
[2025-08-15T10:51:45.390Z] Started EB Bootstrapping Script.
[2025-08-15T10:51:45.396Z] Received parameters:
 TARBALLS = 
 EB_GEMS = 
 SIGNAL_URL = https://cloudformation-waitcondition-us-east-1.s3.amazonaws.com/arn%3Aaws%3Acloudformation%3Aus-east-1%3A519848832340%3Astack/awseb-e-aewwgj2dcx-stack/12a3e2c0-76d4-11f0-aa7d-0affdbff7db9/12a6a1e0-76d4-11f0-aa7d-0affdbff7db9/AWSEBInstanceLaunchWaitHandle?X-Amz-Algorithm=AWS4-HMAC-SHA256&X-Amz-Date=20250811T165609Z&X-Amz-SignedHeaders=host&X-Amz-Expires=86399&X-Amz-Credential=AKIA6L7Q4OWT3JRXU3BZ%2F20250811%2Fus-east-1%2Fs3%2Faws4_request&X-Amz-Signature=2985e853d9bc1c50dd83b677853def4a5a8089db9c6e243d493110706f6bb5b2
 STACK_ID = arn:aws:cloudformation:us-east-1:519848832340:stack/awseb-e-aewwgj2dcx-stack/12a3e2c0-76d4-11f0-aa7d-0affdbff7db9
 REGION = us-east-1
 GUID = 
 HEALTHD_GROUP_ID = 0183a4ec-5ba7-48c7-9623-d25cd4e431c3
 HEALTHD_ENDPOINT = https://elasticbeanstalk-health.us-east-1.amazonaws.com
 PROXY_SERVER = 
 HEALTHD_PROXY_LOG_LOCATION = 
 PLATFORM_ASSETS_URL = https://elasticbeanstalk-platform-assets-us-east-1.s3.amazonaws.com/stalks/eb_nodejs20_amazon_linux_2023_1.0.887.0_20250806044942
[2025-08-15T10:51:45.402Z] engine url is set to https://elasticbeanstalk-platform-assets-us-east-1.s3.amazonaws.com/stalks/eb_nodejs20_amazon_linux_2023_1.0.887.0_20250806044942/lib/platform-engine.zip
[2025-08-15T10:51:45.405Z] first init of instance.
[2025-08-15T10:51:45.407Z] Started executing cfn_init _OnInstanceBoot.
[2025-08-15T10:51:45.410Z] Running cfn-init ConfigSet: _OnInstanceBoot.
[2025-08-15T10:51:45.413Z] Using stack-id from userdata
[2025-08-15T10:51:46.294Z] Command Returned: 
[2025-08-15T10:51:46.297Z] Completed executing cfn_init.
[2025-08-15T10:51:46.299Z] finished _OnInstanceBoot
[2025-08-15T10:51:46.301Z] installing platform engine
2025-08-15 10:51:46 URL:https://elasticbeanstalk-platform-assets-us-east-1.s3.amazonaws.com/stalks/eb_nodejs20_amazon_linux_2023_1.0.887.0_20250806044942/lib/platform-engine.zip [33662214/33662214] -> "/tmp/platform-engine.zip" [1]
[2025-08-15T10:51:47.467Z] executing platform engine. see /var/log/eb-engine.log.
[2025-08-15T10:52:16.192Z] Successfully bootstrapped instance.
[2025-08-15T10:52:16.197Z] Sending signal 0 to CFN wait condition https://cloudformation-waitcondition-us-east-1.s3.amazonaws.com/arn%3Aaws%3Acloudformation%3Aus-east-1%3A519848832340%3Astack/awseb-e-aewwgj2dcx-stack/12a3e2c0-76d4-11f0-aa7d-0affdbff7db9/12a6a1e0-76d4-11f0-aa7d-0affdbff7db9/AWSEBInstanceLaunchWaitHandle?X-Amz-Algorithm=AWS4-HMAC-SHA256&X-Amz-Date=20250811T165609Z&X-Amz-SignedHeaders=host&X-Amz-Expires=86399&X-Amz-Credential=AKIA6L7Q4OWT3JRXU3BZ%2F20250811%2Fus-east-1%2Fs3%2Faws4_request&X-Amz-Signature=2985e853d9bc1c50dd83b677853def4a5a8089db9c6e243d493110706f6bb5b2
Error signaling CloudFormation: [Errno 403] HTTP Error 403 : <?xml version="1.0" encoding="UTF-8"?>
<Error><Code>AccessDenied</Code><Message>Request has expired</Message><X-Amz-Expires>86399</X-Amz-Expires><Expires>2025-08-12T16:56:08Z</Expires><ServerTime>2025-08-15T10:52:16Z</ServerTime><RequestId>CAK7DK5RNMZPF661</RequestId><HostId>EHxNFyCgmsb16RTdU92gKGonuG6RHWEc0KGZlgYgdReOcNKyCv3FREzvJ5xovw1s2pSPPqfPAnJzHRJ8P4eB8Q==</HostId></Error>
[2025-08-15T10:52:16.571Z] Wait Condition Signal expired.
[2025-08-15T10:52:16.575Z] Tailing /var/log/eb-engine.log

******************* eb-engine taillog *******************

2025/08/15 10:52:14.572156 [INFO] Running command: systemctl show -p PartOf web.service
2025/08/15 10:52:14.584663 [INFO] Running command: systemctl daemon-reload
2025/08/15 10:52:14.828264 [INFO] Running command: systemctl reset-failed
2025/08/15 10:52:14.837496 [INFO] Running command: systemctl is-enabled eb-app.target
2025/08/15 10:52:14.845530 [INFO] Copying file /opt/elasticbeanstalk/config/private/aws-eb.target to /etc/systemd/system/eb-app.target
2025/08/15 10:52:14.846802 [INFO] Running command: systemctl enable eb-app.target
2025/08/15 10:52:15.143382 [INFO] Created symlink /etc/systemd/system/multi-user.target.wants/eb-app.target → /etc/systemd/system/eb-app.target.

2025/08/15 10:52:15.143415 [INFO] Running command: systemctl start eb-app.target
2025/08/15 10:52:15.153116 [INFO] Running command: systemctl enable web.service
2025/08/15 10:52:15.431813 [INFO] Created symlink /etc/systemd/system/multi-user.target.wants/web.service → /etc/systemd/system/web.service.

2025/08/15 10:52:15.431848 [INFO] Running command: systemctl show -p PartOf web.service
2025/08/15 10:52:15.443300 [INFO] Running command: systemctl is-active web.service
2025/08/15 10:52:15.450817 [INFO] Running command: systemctl start web.service
2025/08/15 10:52:15.489554 [INFO] Executing instruction: start X-Ray
2025/08/15 10:52:15.489572 [INFO] X-Ray is not enabled.
2025/08/15 10:52:15.489575 [INFO] Executing instruction: start proxy with new configuration
2025/08/15 10:52:15.489603 [INFO] Running command: /usr/sbin/nginx -t -c /var/proxy/staging/nginx/nginx.conf
2025/08/15 10:52:15.538881 [INFO] nginx: [warn] could not build optimal types_hash, you should increase either types_hash_max_size: 1024 or types_hash_bucket_size: 64; ignoring types_hash_bucket_size
nginx: the configuration file /var/proxy/staging/nginx/nginx.conf syntax is ok
nginx: configuration file /var/proxy/staging/nginx/nginx.conf test is successful

2025/08/15 10:52:15.538978 [INFO] Running command: cp -rp /var/proxy/staging/nginx/* /etc/nginx
2025/08/15 10:52:15.546357 [INFO] Running command: systemctl show -p PartOf nginx.service
2025/08/15 10:52:15.569915 [INFO] Running command: systemctl daemon-reload
2025/08/15 10:52:15.951579 [INFO] Running command: systemctl reset-failed
2025/08/15 10:52:15.962747 [INFO] Running command: systemctl show -p PartOf nginx.service
2025/08/15 10:52:15.979634 [INFO] Running command: systemctl is-active nginx.service
2025/08/15 10:52:15.992684 [INFO] Running command: systemctl start nginx.service
2025/08/15 10:52:16.152380 [INFO] Executing instruction: configureSqsd
2025/08/15 10:52:16.152401 [INFO] This is a web server environment instance, skip configure sqsd daemon ...
2025/08/15 10:52:16.152405 [INFO] Executing instruction: startSqsd
2025/08/15 10:52:16.152408 [INFO] This is a web server environment instance, skip start sqsd daemon ...
2025/08/15 10:52:16.152411 [INFO] Executing instruction: Track pids in healthd
2025/08/15 10:52:16.152415 [INFO] This is an enhanced health env...
2025/08/15 10:52:16.152427 [INFO] Running command: systemctl show -p ConsistsOf aws-eb.target | cut -d= -f2
2025/08/15 10:52:16.168179 [INFO] cfn-hup.service healthd.service nginx.service

2025/08/15 10:52:16.168214 [INFO] Running command: systemctl show -p ConsistsOf eb-app.target | cut -d= -f2
2025/08/15 10:52:16.186218 [INFO] web.service

2025/08/15 10:52:16.186522 [INFO] Executing instruction: RunAppDeployPostDeployHooks
2025/08/15 10:52:16.186593 [INFO] Executing platform hooks in .platform/hooks/postdeploy/
2025/08/15 10:52:16.186611 [INFO] The dir .platform/hooks/postdeploy/ does not exist
2025/08/15 10:52:16.186614 [INFO] Finished running scripts in /var/app/current/.platform/hooks/postdeploy
2025/08/15 10:52:16.186621 [INFO] Executing cleanup logic
2025/08/15 10:52:16.186774 [INFO] Platform Engine finished execution on command: self-startup
******************* End of taillog *******************


[2025-08-15T10:52:16.662Z] Tailing /var/log/eb-tools.log

******************* eb-tools taillog *******************
***eb-tools is not available yet.***
******************* End of taillog *******************


[2025-08-15T10:52:16.671Z] Tailing /var/log/eb-hooks.log

******************* eb-hooks taillog *******************

******************* End of taillog *******************


[2025-08-15T10:52:16.676Z] Tailing /var/log/cfn-init.log

******************* cfn-init taillog *******************
2025-08-15 10:51:46,001 [INFO] -----------------------Starting build-----------------------
2025-08-15 10:51:46,006 [INFO] Running configSets: _OnInstanceBoot
2025-08-15 10:51:46,009 [INFO] Running configSet _OnInstanceBoot
2025-08-15 10:51:46,011 [INFO] Running config AWSEBBaseConfig
2025-08-15 10:51:46,251 [INFO] Command clearbackupfiles succeeded
2025-08-15 10:51:46,254 [INFO] Running config AWSEBCfnHupEndpointOverride
2025-08-15 10:51:46,260 [INFO] Command clearbackupfiles succeeded
2025-08-15 10:51:46,261 [INFO] ConfigSets completed
2025-08-15 10:51:46,261 [INFO] -----------------------Build complete-----------------------
2025-08-15 10:51:50,256 [INFO] -----------------------Starting build-----------------------
2025-08-15 10:51:50,261 [INFO] Running configSets: Infra-EmbeddedPreBuild
2025-08-15 10:51:50,264 [INFO] Running configSet Infra-EmbeddedPreBuild
2025-08-15 10:51:50,265 [INFO] ConfigSets completed
2025-08-15 10:51:50,265 [INFO] -----------------------Build complete-----------------------
2025-08-15 10:52:14,460 [INFO] -----------------------Starting build-----------------------
2025-08-15 10:52:14,466 [INFO] Running configSets: Infra-EmbeddedPostBuild
2025-08-15 10:52:14,468 [INFO] Running configSet Infra-EmbeddedPostBuild
2025-08-15 10:52:14,469 [INFO] ConfigSets completed
2025-08-15 10:52:14,469 [INFO] -----------------------Build complete-----------------------
******************* End of taillog *******************


[2025-08-15T10:52:16.687Z] Tailing /var/log/cfn-hup.log

******************* cfn-hup taillog *******************
2025-08-15 10:51:50,135 [DEBUG] CloudFormation client initialized with endpoint https://cloudformation.us-east-1.amazonaws.com
2025-08-15 10:51:50,136 [DEBUG] SQS client initialized with endpoint https://sqs.us-east-1.amazonaws.com
2025-08-15 10:51:50,136 [DEBUG] CloudFormation client initialized with endpoint https://cloudformation.us-east-1.amazonaws.com
2025-08-15 10:51:50,136 [DEBUG] Enabled single threading mode.
2025-08-15 10:51:50,137 [DEBUG] Creating /var/lib/cfn-hup/data
2025-08-15 10:51:50,157 [INFO] No umask value specified in config file. Using the default one: 0o22
2025-08-15 10:51:50,229 [INFO] Pid: 1755
2025-08-15 10:51:50,535 [INFO] Refreshing listener credentials
2025-08-15 10:51:50,655 [INFO] Scheduling next credential refresh in 1800.0 seconds
******************* End of taillog *******************


[2025-08-15T10:52:16.707Z] Completed EB Bootstrapping Script.
+ RESULT=0
+ [[ 0 -ne 0 ]]
+ exit 0
