2025-08-16 02:26:56,638 P1654 [INFO] ************************************************************
2025-08-16 02:26:56,638 P1654 [INFO] ConfigSet _OnInstanceBoot
2025-08-16 02:26:56,641 P1654 [INFO] ++++++++++++++++++++++++++++++++++++++++++++++++++++++++++++
2025-08-16 02:26:56,641 P1654 [INFO] Config AWSEBBaseConfig
2025-08-16 02:26:56,867 P1654 [INFO] ============================================================
2025-08-16 02:26:56,867 P1654 [INFO] Command clearbackupfiles
2025-08-16 02:26:56,877 P1654 [INFO] Completed successfully.
2025-08-16 02:26:56,881 P1654 [INFO] ++++++++++++++++++++++++++++++++++++++++++++++++++++++++++++
2025-08-16 02:26:56,881 P1654 [INFO] Config AWSEBCfnHupEndpointOverride
2025-08-16 02:26:56,882 P1654 [INFO] ============================================================
2025-08-16 02:26:56,882 P1654 [INFO] Command clearbackupfiles
2025-08-16 02:26:56,885 P1654 [INFO] Completed successfully.
2025-08-16 02:27:00,783 P1789 [INFO] ************************************************************
2025-08-16 02:27:00,783 P1789 [INFO] ConfigSet Infra-EmbeddedPreBuild
2025-08-16 02:27:20,649 P2025 [INFO] ************************************************************
2025-08-16 02:27:20,649 P2025 [INFO] ConfigSet Infra-EmbeddedPostBuild
2025-08-16 02:32:06,836 P2399 [INFO] ************************************************************
2025-08-16 02:32:06,836 P2399 [INFO] ConfigSet Infra-EmbeddedPreBuild
2025-08-16 02:32:20,930 P2740 [INFO] ************************************************************
2025-08-16 02:32:20,931 P2740 [INFO] ConfigSet Infra-EmbeddedPostBuild
2025-08-16 03:17:30,181 P4734 [INFO] ************************************************************
2025-08-16 03:17:30,181 P4734 [INFO] ConfigSet Infra-EmbeddedPreBuild
2025-08-16 03:17:44,651 P5084 [INFO] ************************************************************
2025-08-16 03:17:44,652 P5084 [INFO] ConfigSet Infra-EmbeddedPostBuild
2025-08-16 03:26:18,990 P5716 [INFO] ************************************************************
2025-08-16 03:26:18,990 P5716 [INFO] ConfigSet Infra-EmbeddedPreBuild
2025-08-16 03:26:33,150 P6002 [INFO] ************************************************************
2025-08-16 03:26:33,151 P6002 [INFO] ConfigSet Infra-EmbeddedPostBuild
2025-08-16 03:33:41,814 P6579 [INFO] ************************************************************
2025-08-16 03:33:41,814 P6579 [INFO] ConfigSet Infra-EmbeddedPreBuild
2025-08-16 03:33:56,189 P6925 [INFO] ************************************************************
2025-08-16 03:33:56,190 P6925 [INFO] ConfigSet Infra-EmbeddedPostBuild
2025-08-16 03:39:17,042 P7423 [INFO] ************************************************************
2025-08-16 03:39:17,042 P7423 [INFO] ConfigSet Infra-EmbeddedPreBuild
2025-08-16 03:39:31,424 P7712 [INFO] ************************************************************
2025-08-16 03:39:31,424 P7712 [INFO] ConfigSet Infra-EmbeddedPostBuild
2025-08-16 03:42:57,083 P8136 [INFO] ************************************************************
2025-08-16 03:42:57,083 P8136 [INFO] ConfigSet Infra-EmbeddedPreBuild
2025-08-16 03:43:11,159 P8415 [INFO] ************************************************************
2025-08-16 03:43:11,160 P8415 [INFO] ConfigSet Infra-EmbeddedPostBuild
2025-08-16 03:45:12,750 P8832 [INFO] ************************************************************
2025-08-16 03:45:12,751 P8832 [INFO] ConfigSet Infra-EmbeddedPreBuild
2025-08-16 03:45:27,010 P9170 [INFO] ************************************************************
2025-08-16 03:45:27,010 P9170 [INFO] ConfigSet Infra-EmbeddedPostBuild
2025-08-16 03:47:54,072 P9535 [INFO] ************************************************************
2025-08-16 03:47:54,072 P9535 [INFO] ConfigSet Infra-EmbeddedPreBuild
2025-08-16 03:48:09,636 P9872 [INFO] ************************************************************
2025-08-16 03:48:09,636 P9872 [INFO] ConfigSet Infra-EmbeddedPostBuild
2025-08-16 03:50:23,356 P10241 [INFO] ************************************************************
2025-08-16 03:50:23,356 P10241 [INFO] ConfigSet Infra-EmbeddedPreBuild
2025-08-16 03:50:37,453 P10580 [INFO] ************************************************************
2025-08-16 03:50:37,454 P10580 [INFO] ConfigSet Infra-EmbeddedPostBuild
2025-08-16 03:53:31,352 P10944 [INFO] ************************************************************
2025-08-16 03:53:31,352 P10944 [INFO] ConfigSet Infra-EmbeddedPreBuild
2025-08-16 03:53:45,918 P11282 [INFO] ************************************************************
2025-08-16 03:53:45,919 P11282 [INFO] ConfigSet Infra-EmbeddedPostBuild
2025-08-16 03:57:13,752 P11713 [INFO] ************************************************************
2025-08-16 03:57:13,752 P11713 [INFO] ConfigSet Infra-EmbeddedPreBuild
2025-08-16 03:57:27,949 P11995 [INFO] ************************************************************
2025-08-16 03:57:27,950 P11995 [INFO] ConfigSet Infra-EmbeddedPostBuild
2025-08-16 04:06:04,092 P12636 [INFO] ************************************************************
2025-08-16 04:06:04,092 P12636 [INFO] ConfigSet Infra-EmbeddedPreBuild
2025-08-16 04:06:18,409 P12979 [INFO] ************************************************************
2025-08-16 04:06:18,410 P12979 [INFO] ConfigSet Infra-EmbeddedPostBuild
2025-08-16 04:17:42,134 P13749 [INFO] ************************************************************
2025-08-16 04:17:42,134 P13749 [INFO] ConfigSet Infra-EmbeddedPreBuild
2025-08-16 04:17:56,681 P14036 [INFO] ************************************************************
2025-08-16 04:17:56,682 P14036 [INFO] ConfigSet Infra-EmbeddedPostBuild
2025-08-16 04:23:23,418 P14533 [INFO] ************************************************************
2025-08-16 04:23:23,419 P14533 [INFO] ConfigSet Infra-EmbeddedPreBuild
2025-08-16 04:23:37,668 P14878 [INFO] ************************************************************
2025-08-16 04:23:37,668 P14878 [INFO] ConfigSet Infra-EmbeddedPostBuild
2025-08-16 04:26:26,184 P15572 [INFO] ************************************************************
2025-08-16 04:26:26,184 P15572 [INFO] ConfigSet Infra-EmbeddedPostBuild
2025-08-16 04:27:46,333 P15927 [INFO] ************************************************************
2025-08-16 04:27:46,333 P15927 [INFO] ConfigSet Infra-EmbeddedPreBuild
2025-08-16 04:28:00,530 P16210 [INFO] ************************************************************
2025-08-16 04:28:00,531 P16210 [INFO] ConfigSet Infra-EmbeddedPostBuild
2025-08-16 04:47:30,098 P17209 [INFO] ************************************************************
2025-08-16 04:47:30,098 P17209 [INFO] ConfigSet Infra-EmbeddedPreBuild
2025-08-16 04:47:44,673 P17554 [INFO] ************************************************************
2025-08-16 04:47:44,674 P17554 [INFO] ConfigSet Infra-EmbeddedPostBuild
2025-08-16 16:10:27,571 P43154 [INFO] ************************************************************
2025-08-16 16:10:27,571 P43154 [INFO] ConfigSet Infra-EmbeddedPreBuild
2025-08-16 16:10:42,683 P43440 [INFO] ************************************************************
2025-08-16 16:10:42,684 P43440 [INFO] ConfigSet Infra-EmbeddedPostBuild
2025-08-16 16:23:35,832 P44493 [INFO] ************************************************************
2025-08-16 16:23:35,833 P44493 [INFO] ConfigSet Infra-EmbeddedPostBuild
2025-08-16 16:25:20,001 P44928 [INFO] ************************************************************
2025-08-16 16:25:20,001 P44928 [INFO] ConfigSet Infra-EmbeddedPreBuild
2025-08-16 16:25:34,921 P45212 [INFO] ************************************************************
2025-08-16 16:25:34,922 P45212 [INFO] ConfigSet Infra-EmbeddedPostBuild
2025-08-16 21:03:22,773 P55865 [INFO] ************************************************************
2025-08-16 21:03:22,773 P55865 [INFO] ConfigSet Infra-EmbeddedPreBuild
2025-08-16 21:03:37,907 P56207 [INFO] ************************************************************
2025-08-16 21:03:37,908 P56207 [INFO] ConfigSet Infra-EmbeddedPostBuild
2025-08-16 22:15:48,621 P59250 [INFO] ************************************************************
2025-08-16 22:15:48,621 P59250 [INFO] ConfigSet Infra-EmbeddedPreBuild
2025-08-16 22:16:04,685 P59602 [INFO] ************************************************************
2025-08-16 22:16:04,686 P59602 [INFO] ConfigSet Infra-EmbeddedPostBuild
2025-08-16 22:24:44,590 P60342 [INFO] ************************************************************
2025-08-16 22:24:44,590 P60342 [INFO] ConfigSet Infra-EmbeddedPreBuild
2025-08-16 22:24:59,897 P60631 [INFO] ************************************************************
2025-08-16 22:24:59,897 P60631 [INFO] ConfigSet Infra-EmbeddedPostBuild
