2025-08-16 22:41:58,410 P1579 [INFO] ************************************************************
2025-08-16 22:41:58,410 P1579 [INFO] ConfigSet _OnInstanceBoot
2025-08-16 22:41:58,412 P1579 [INFO] ++++++++++++++++++++++++++++++++++++++++++++++++++++++++++++
2025-08-16 22:41:58,412 P1579 [INFO] Config AWSEBBaseConfig
2025-08-16 22:41:58,643 P1579 [INFO] ============================================================
2025-08-16 22:41:58,644 P1579 [INFO] Command clearbackupfiles
2025-08-16 22:41:58,653 P1579 [INFO] Completed successfully.
2025-08-16 22:41:58,657 P1579 [INFO] ++++++++++++++++++++++++++++++++++++++++++++++++++++++++++++
2025-08-16 22:41:58,657 P1579 [INFO] Config AWSEBCfnHupEndpointOverride
2025-08-16 22:41:58,657 P1579 [INFO] ============================================================
2025-08-16 22:41:58,657 P1579 [INFO] Command clearbackupfiles
2025-08-16 22:41:58,661 P1579 [INFO] Completed successfully.
2025-08-16 22:42:05,171 P1808 [INFO] ************************************************************
2025-08-16 22:42:05,171 P1808 [INFO] ConfigSet Infra-EmbeddedPreBuild
2025-08-16 22:42:24,225 P2044 [INFO] ************************************************************
2025-08-16 22:42:24,225 P2044 [INFO] ConfigSet Infra-EmbeddedPostBuild
2025-08-16 22:50:32,727 P2557 [INFO] ************************************************************
2025-08-16 22:50:32,727 P2557 [INFO] ConfigSet Infra-EmbeddedPreBuild
2025-08-16 22:50:48,758 P2847 [INFO] ************************************************************
2025-08-16 22:50:48,758 P2847 [INFO] ConfigSet Infra-EmbeddedPostBuild
